#
# A fatal error has been detected by the Java Runtime Environment:
#
#  EXCEPTION_ACCESS_VIOLATION (0xc0000005) at pc=0x00007ffd0e922c62, pid=1772, tid=16536
#
# JRE version: OpenJDK Runtime Environment Corretto-11.0.22.7.1 (11.0.22+7) (build 11.0.22+7-LTS)
# Java VM: OpenJDK 64-Bit Server VM Corretto-11.0.22.7.1 (11.0.22+7-LTS, mixed mode, tiered, compressed oops, g1 gc, windows-amd64)
# Problematic frame:
# C  [ntdll.dll+0x32c62]
#
# No core dump will be written. Minidumps are not enabled by default on client versions of Windows
#
# If you would like to submit a bug report, please visit:
#   https://github.com/corretto/corretto-11/issues/
# The crash happened outside the Java Virtual Machine in native code.
# See problematic frame for where to report the bug.
#

---------------  S U M M A R Y ------------

Command Line: -javaagent:C:\Program Files\JetBrains\IntelliJ IDEA Community Edition 2023.3.4\lib\idea_rt.jar=61863:C:\Program Files\JetBrains\IntelliJ IDEA Community Edition 2023.3.4\bin -Dfile.encoding=UTF-8 PaooGame.Main

Host: AMD Ryzen 5 2500U with Radeon Vega Mobile Gfx  , 8 cores, 14G,  Windows 10 , 64 bit Build 19041 (10.0.19041.3636)
Time: Sun May 19 23:45:16 2024 E. Europe Daylight Time elapsed time: 36.325282 seconds (0d 0h 0m 36s)

---------------  T H R E A D  ---------------

Current thread (0x000001d175a23800):  JavaThread "Thread-0" [_thread_in_native, id=16536, stack(0x00000090a3400000,0x00000090a3500000)]

Stack: [0x00000090a3400000,0x00000090a3500000],  sp=0x00000090a34fdee0,  free space=1015k
Native frames: (J=compiled Java code, j=interpreted, Vv=VM code, C=native code)
C  [ntdll.dll+0x32c62]
C  [ntdll.dll+0x513cc]
C  [ntdll.dll+0xa0f8e]
C  [ntdll.dll+0x634f6]
C  [ntdll.dll+0x2fcb4]
C  [ntdll.dll+0x2fae2]
C  0x00007ffd03bff7dc

Java frames: (J=compiled Java code, j=interpreted, Vv=VM code)
j  sun.java2d.d3d.D3DSurfaceData.initOps(III)V+0 java.desktop@11.0.22
j  sun.java2d.d3d.D3DSurfaceData.<init>(Lsun/awt/windows/WComponentPeer;Lsun/java2d/d3d/D3DGraphicsConfig;IILjava/awt/Image;Ljava/awt/image/ColorModel;IILsun/java2d/pipe/hw/ExtendedBufferCapabilities$VSyncType;I)V+212 java.desktop@11.0.22
j  sun.java2d.d3d.D3DSurfaceData.createData(Lsun/awt/windows/WComponentPeer;Ljava/awt/Image;)Lsun/java2d/d3d/D3DSurfaceData;+117 java.desktop@11.0.22
j  sun.java2d.d3d.D3DVolatileSurfaceManager.initAcceleratedSurface()Lsun/java2d/SurfaceData;+68 java.desktop@11.0.22
j  sun.java2d.d3d.D3DVolatileSurfaceManager.restoreAcceleratedSurface()V+49 java.desktop@11.0.22
J 1650 c1 sun.awt.image.VolatileSurfaceManager.validate(Ljava/awt/GraphicsConfiguration;)I java.desktop@11.0.22 (213 bytes) @ 0x000001d15aa2c8d4 [0x000001d15aa2c220+0x00000000000006b4]
J 1649 c1 sun.awt.image.SunVolatileImage.validate(Ljava/awt/GraphicsConfiguration;)I java.desktop@11.0.22 (9 bytes) @ 0x000001d15aa2bdc4 [0x000001d15aa2bcc0+0x0000000000000104]
J 1660 c1 java.awt.Component$FlipBufferStrategy.revalidate()V java.desktop@11.0.22 (145 bytes) @ 0x000001d15aa3a39c [0x000001d15aa39ec0+0x00000000000004dc]
J 1659 c1 java.awt.Component$FlipBufferStrategy.getDrawGraphics()Ljava/awt/Graphics; java.desktop@11.0.22 (12 bytes) @ 0x000001d15aa35b64 [0x000001d15aa35a60+0x0000000000000104]
J 1726 c1 PaooGame.Game.Draw()V (103 bytes) @ 0x000001d15aa5fae4 [0x000001d15aa5f620+0x00000000000004c4]
J 1099% c2 PaooGame.Game.run()V (53 bytes) @ 0x000001d161cf9e48 [0x000001d161cf9de0+0x0000000000000068]
j  java.lang.Thread.run()V+11 java.base@11.0.22
v  ~StubRoutines::call_stub

siginfo: EXCEPTION_ACCESS_VIOLATION (0xc0000005), reading address 0x00007ffd03db8120


Register to memory mapping:

RIP=0x00007ffd0e922c62 ntdll.dll
RAX=0x0000000000003048 is an unknown value
RBX=0x000000000000f7dc is an unknown value
RCX=0x000000000000c12c is an unknown value
RDX=0x0000000000001019 is an unknown value
RSP=0x00000090a34fdee0 is pointing into the stack for thread: 0x000001d175a23800
RBP=0x00000090a34fe470 is pointing into the stack for thread: 0x000001d175a23800
RSI=0x0 is NULL
RDI=0x00007ffd03dac000 is an unknown value
R8 =0x00007ffd03bf0000 is an unknown value
R9 =0x000000000000001d is an unknown value
R10=0x00007ffd0ea71510 ntdll.dll
R11=0x0000000000000011 is an unknown value
R12=0x0 is NULL
R13=0x00007ffd0ea638f0 ntdll.dll
R14=0x00000090a34fe510 is pointing into the stack for thread: 0x000001d175a23800
R15=0x00000090a34fe488 is pointing into the stack for thread: 0x000001d175a23800


Registers:
RAX=0x0000000000003048, RBX=0x000000000000f7dc, RCX=0x000000000000c12c, RDX=0x0000000000001019
RSP=0x00000090a34fdee0, RBP=0x00000090a34fe470, RSI=0x0000000000000000, RDI=0x00007ffd03dac000
R8 =0x00007ffd03bf0000, R9 =0x000000000000001d, R10=0x00007ffd0ea71510, R11=0x0000000000000011
R12=0x0000000000000000, R13=0x00007ffd0ea638f0, R14=0x00000090a34fe510, R15=0x00000090a34fe488
RIP=0x00007ffd0e922c62, EFLAGS=0x0000000000010202

Top of Stack: (sp=0x00000090a34fdee0)
0x00000090a34fdee0:   0000000000000000 0000009000000000
0x00000090a34fdef0:   00000090a34fdf00 00000090a34fdf08
0x00000090a34fdf00:   00007ffd03dac000 00007ffd03bf0000
0x00000090a34fdf10:   0000c12c001ce000 0000000000000000
0x00000090a34fdf20:   00007ffd03bff7dc 00007ffd0e9413cc
0x00000090a34fdf30:   00000090a34feb30 0000000000000000
0x00000090a34fdf40:   0000000000000000 00000090a34fdf70
0x00000090a34fdf50:   00000090a34fdf70 00000090a34fe490
0x00000090a34fdf60:   00000090a34fe480 0000000000000000
0x00000090a34fdf70:   000001d161d75ad0 000001d17666a4f0
0x00000090a34fdf80:   000001d161d766dd 000001d175a20001
0x00000090a34fdf90:   00000090a34fdf88 00007ffc7c9011e8
0x00000090a34fdfa0:   00001fa00010000f 000001d161d70033
0x00000090a34fdfb0:   00010213002b8340 000001d161d75ae0
0x00000090a34fdfc0:   000001d161d78340 000001d161d78378
0x00000090a34fdfd0:   00007ffc8f8bf470 000000007c901c80 

Instructions: (pc=0x00007ffd0e922c62)
0x00007ffd0e922b62:   41 83 f8 e7 73 09 48 83 c1 18 48 3b cb 72 c3 b8
0x00007ffd0e922b72:   7b 00 00 c0 89 44 24 20 4c 8b 54 24 28 eb 15 b8
0x00007ffd0e922b82:   7b 00 00 c0 eb cc b8 7b 00 00 c0 89 44 24 20 4c
0x00007ffd0e922b92:   8b 54 24 28 eb 13 b8 7b 00 00 c0 89 44 24 20 4c
0x00007ffd0e922ba2:   8b 4c 24 68 4c 8b 54 24 28 85 c0 78 03 4d 89 11
0x00007ffd0e922bb2:   48 83 c4 40 5b c3 cc b1 01 48 83 fb 40 0f 83 5b
0x00007ffd0e922bc2:   ff ff ff b8 7b 00 00 c0 eb e6 cc cc cc cc cc cc
0x00007ffd0e922bd2:   cc cc cc cc cc cc cc cc cc cc cc cc cc cc 48 89
0x00007ffd0e922be2:   5c 24 18 4c 89 74 24 20 41 57 48 83 ec 40 4d 8b
0x00007ffd0e922bf2:   f0 4c 8b fa 48 8b d9 4d 85 c0 0f 85 3c 01 00 00
0x00007ffd0e922c02:   48 8b 0d 0f e9 14 00 48 89 74 24 50 48 89 7c 24
0x00007ffd0e922c12:   58 48 3b d9 0f 83 ec 00 00 00 48 8d 54 24 20 48
0x00007ffd0e922c22:   8b cb e8 17 03 00 00 48 8b f8 48 85 ff 0f 84 da
0x00007ffd0e922c32:   02 00 00 8b 4c 24 34 48 b8 ab aa aa aa aa aa aa
0x00007ffd0e922c42:   aa 4c 8b 44 24 28 33 f6 48 f7 e1 4d 89 07 48 c1
0x00007ffd0e922c52:   ea 03 85 d2 74 73 8d 42 ff 49 2b d8 48 8d 04 40
0x00007ffd0e922c62:   44 8b 1c 87 4c 8d 14 87 49 3b db 73 48 44 8d 42
0x00007ffd0e922c72:   fe 44 8b ce 45 85 c0 78 3c 0f 1f 44 00 00 43 8d
0x00007ffd0e922c82:   04 08 d1 f8 48 63 c8 48 8d 14 49 4c 8d 14 97 8b
0x00007ffd0e922c92:   14 97 48 3b da 72 12 41 8b 4a 0c 44 8b da 48 3b
0x00007ffd0e922ca2:   d9 72 12 44 8d 48 01 eb 04 44 8d 40 ff 44 8b da
0x00007ffd0e922cb2:   45 3b c1 7d c9 41 8b c3 48 3b d8 72 0c 41 8b 42
0x00007ffd0e922cc2:   04 48 3b d8 73 03 49 8b f2 48 8b 7c 24 58 48 85
0x00007ffd0e922cd2:   f6 74 19 4d 85 f6 0f 85 ea 00 00 00 48 85 f6 74
0x00007ffd0e922ce2:   0b 8b 46 08 a8 01 0f 85 34 02 00 00 48 8b c6 48
0x00007ffd0e922cf2:   8b 74 24 50 48 8b 5c 24 60 4c 8b 74 24 68 48 83
0x00007ffd0e922d02:   c4 40 41 5f c3 cc 8b 05 12 e8 14 00 48 03 c1 48
0x00007ffd0e922d12:   3b d8 0f 83 02 ff ff ff 0f 28 0d ef e7 14 00 f2
0x00007ffd0e922d22:   0f 10 05 f7 e7 14 00 66 48 0f 7e cf 0f 11 4c 24
0x00007ffd0e922d32:   20 f2 0f 11 44 24 30 e9 ee fe ff ff 41 80 78 07
0x00007ffd0e922d42:   00 4c 8d 1d d6 e6 14 00 0f 85 6b 01 00 00 41 80
0x00007ffd0e922d52:   78 06 00 0f 84 a7 fe ff ff 48 3b 1d c6 e6 14 00 


Stack slot to memory mapping:
stack at sp + 0 slots: 0x0 is NULL
stack at sp + 1 slots: 0x0000009000000000 is an unknown value
stack at sp + 2 slots: 0x00000090a34fdf00 is pointing into the stack for thread: 0x000001d175a23800
stack at sp + 3 slots: 0x00000090a34fdf08 is pointing into the stack for thread: 0x000001d175a23800
stack at sp + 4 slots: 0x00007ffd03dac000 is an unknown value
stack at sp + 5 slots: 0x00007ffd03bf0000 is an unknown value
stack at sp + 6 slots: 0x0000c12c001ce000 is an unknown value
stack at sp + 7 slots: 0x0 is NULL


---------------  P R O C E S S  ---------------

Threads class SMR info:
_java_thread_list=0x000001d17bb0ae00, length=18, elements={
0x000001d1756b5800, 0x000001d175682000, 0x000001d1756fc800, 0x000001d1756fd000,
0x000001d1756ff000, 0x000001d175703800, 0x000001d175712000, 0x000001d175716800,
0x000001d174e3b000, 0x000001d175be3800, 0x000001d175a23800, 0x000001d151a2b800,
0x000001d175d39800, 0x000001d175f3b000, 0x000001d17b9d5000, 0x000001d17bcd0800,
0x000001d17586e000, 0x000001d17bb2f000
}

Java Threads: ( => current thread )
  0x000001d1756b5800 JavaThread "Reference Handler" daemon [_thread_blocked, id=17992, stack(0x00000090a2800000,0x00000090a2900000)]
  0x000001d175682000 JavaThread "Finalizer" daemon [_thread_blocked, id=18404, stack(0x00000090a2900000,0x00000090a2a00000)]
  0x000001d1756fc800 JavaThread "Signal Dispatcher" daemon [_thread_blocked, id=17680, stack(0x00000090a2a00000,0x00000090a2b00000)]
  0x000001d1756fd000 JavaThread "Attach Listener" daemon [_thread_blocked, id=4644, stack(0x00000090a2b00000,0x00000090a2c00000)]
  0x000001d1756ff000 JavaThread "Service Thread" daemon [_thread_blocked, id=12904, stack(0x00000090a2c00000,0x00000090a2d00000)]
  0x000001d175703800 JavaThread "C2 CompilerThread0" daemon [_thread_blocked, id=17276, stack(0x00000090a2d00000,0x00000090a2e00000)]
  0x000001d175712000 JavaThread "C1 CompilerThread0" daemon [_thread_blocked, id=1508, stack(0x00000090a2e00000,0x00000090a2f00000)]
  0x000001d175716800 JavaThread "Sweeper thread" daemon [_thread_blocked, id=15988, stack(0x00000090a2f00000,0x00000090a3000000)]
  0x000001d174e3b000 JavaThread "Common-Cleaner" daemon [_thread_blocked, id=17800, stack(0x00000090a3000000,0x00000090a3100000)]
  0x000001d175be3800 JavaThread "Monitor Ctrl-Break" daemon [_thread_in_native, id=15900, stack(0x00000090a3200000,0x00000090a3300000)]
=>0x000001d175a23800 JavaThread "Thread-0" [_thread_in_native, id=16536, stack(0x00000090a3400000,0x00000090a3500000)]
  0x000001d151a2b800 JavaThread "DestroyJavaVM" [_thread_blocked, id=6564, stack(0x00000090a2100000,0x00000090a2200000)]
  0x000001d175d39800 JavaThread "Java2D Disposer" daemon [_thread_blocked, id=14624, stack(0x00000090a3500000,0x00000090a3600000)]
  0x000001d175f3b000 JavaThread "AWT-Shutdown" [_thread_blocked, id=16576, stack(0x00000090a3600000,0x00000090a3700000)]
  0x000001d17b9d5000 JavaThread "AWT-EventQueue-0" [_thread_blocked, id=7120, stack(0x00000090a4000000,0x00000090a4100000)]
  0x000001d17bcd0800 JavaThread "Java Sound Event Dispatcher" daemon [_thread_blocked, id=14484, stack(0x00000090a4c00000,0x00000090a4d00000)]
  0x000001d17586e000 JavaThread "Direct Clip" daemon [_thread_blocked, id=16484, stack(0x00000090a4f00000,0x00000090a5000000)]
  0x000001d17bb2f000 JavaThread "ToolkitShutdown" daemon [_thread_in_native, id=13584, stack(0x00000090a5400000,0x00000090a5500000)]

Other Threads:
  0x000001d17567f800 VMThread "VM Thread" [stack: 0x00000090a2700000,0x00000090a2800000] [id=1744]
  0x000001d175be4000 WatcherThread [stack: 0x00000090a3300000,0x00000090a3400000] [id=6020]
  0x000001d151a45000 GCTaskThread "GC Thread#0" [stack: 0x00000090a2200000,0x00000090a2300000] [id=14344]
  0x000001d17bee7800 GCTaskThread "GC Thread#1" [stack: 0x00000090a3100000,0x00000090a3200000] [id=16432]
  0x000001d17bee8800 GCTaskThread "GC Thread#2" [stack: 0x00000090a4200000,0x00000090a4300000] [id=15664]
  0x000001d17bee9000 GCTaskThread "GC Thread#3" [stack: 0x00000090a4300000,0x00000090a4400000] [id=16908]
  0x000001d17bf2f000 GCTaskThread "GC Thread#4" [stack: 0x00000090a4400000,0x00000090a4500000] [id=2608]
  0x000001d17bf32000 GCTaskThread "GC Thread#5" [stack: 0x00000090a4500000,0x00000090a4600000] [id=3340]
  0x000001d17bf33000 GCTaskThread "GC Thread#6" [stack: 0x00000090a4600000,0x00000090a4700000] [id=16468]
  0x000001d17bf36000 GCTaskThread "GC Thread#7" [stack: 0x00000090a4700000,0x00000090a4800000] [id=15536]
  0x000001d151a9a000 ConcurrentGCThread "G1 Main Marker" [stack: 0x00000090a2300000,0x00000090a2400000] [id=17124]
  0x000001d151a9b800 ConcurrentGCThread "G1 Conc#0" [stack: 0x00000090a2400000,0x00000090a2500000] [id=13228]
  0x000001d174ce6800 ConcurrentGCThread "G1 Refine#0" [stack: 0x00000090a2500000,0x00000090a2600000] [id=17000]
  0x000001d174ce7800 ConcurrentGCThread "G1 Young RemSet Sampling" [stack: 0x00000090a2600000,0x00000090a2700000] [id=15356]

Threads with active compile tasks:

VM state:not at safepoint (normal execution)

VM Mutex/Monitor currently owned by a thread: None

Heap address: 0x0000000711800000, size: 3816 MB, Compressed Oops mode: Zero based, Oop shift amount: 3
Narrow klass base: 0x0000000800000000, Narrow klass shift: 0
Compressed class space size: 1073741824 Address: 0x0000000800000000

Heap:
 garbage-first heap   total 245760K, used 128055K [0x0000000711800000, 0x0000000800000000)
  region size 1024K, 96 young (98304K), 3 survivors (3072K)
 Metaspace       used 17258K, capacity 17667K, committed 17792K, reserved 1064960K
  class space    used 1701K, capacity 1902K, committed 1920K, reserved 1048576K
Heap Regions: E=young(eden), S=young(survivor), O=old, HS=humongous(starts), HC=humongous(continues), CS=collection set, F=free, A=archive, TAMS=top-at-mark-start (previous, next)
|   0|0x0000000711800000, 0x000000071180dc00, 0x0000000711900000|  5%| O|  |TAMS 0x0000000711800000, 0x0000000711800000| Untracked 
|   1|0x0000000711900000, 0x0000000711a00000, 0x0000000711a00000|100%|HS|  |TAMS 0x0000000711900000, 0x0000000711900000| Complete 
|   2|0x0000000711a00000, 0x0000000711b00000, 0x0000000711b00000|100%|HC|  |TAMS 0x0000000711a00000, 0x0000000711a00000| Complete 
|   3|0x0000000711b00000, 0x0000000711c00000, 0x0000000711c00000|100%|HC|  |TAMS 0x0000000711b00000, 0x0000000711b00000| Complete 
|   4|0x0000000711c00000, 0x0000000711d00000, 0x0000000711d00000|100%|HC|  |TAMS 0x0000000711c00000, 0x0000000711c00000| Complete 
|   5|0x0000000711d00000, 0x0000000711e00000, 0x0000000711e00000|100%|HC|  |TAMS 0x0000000711d00000, 0x0000000711d00000| Complete 
|   6|0x0000000711e00000, 0x0000000711f00000, 0x0000000711f00000|100%|HC|  |TAMS 0x0000000711e00000, 0x0000000711e00000| Complete 
|   7|0x0000000711f00000, 0x0000000712000000, 0x0000000712000000|100%|HC|  |TAMS 0x0000000711f00000, 0x0000000711f00000| Complete 
|   8|0x0000000712000000, 0x0000000712100000, 0x0000000712100000|100%|HC|  |TAMS 0x0000000712000000, 0x0000000712000000| Complete 
|   9|0x0000000712100000, 0x0000000712200000, 0x0000000712200000|100%|HC|  |TAMS 0x0000000712100000, 0x0000000712100000| Complete 
|  10|0x0000000712200000, 0x0000000712300000, 0x0000000712300000|100%|HC|  |TAMS 0x0000000712200000, 0x0000000712200000| Complete 
|  11|0x0000000712300000, 0x0000000712400000, 0x0000000712400000|100%|HC|  |TAMS 0x0000000712300000, 0x0000000712300000| Complete 
|  12|0x0000000712400000, 0x0000000712500000, 0x0000000712500000|100%|HC|  |TAMS 0x0000000712400000, 0x0000000712400000| Complete 
|  13|0x0000000712500000, 0x0000000712600000, 0x0000000712600000|100%|HC|  |TAMS 0x0000000712500000, 0x0000000712500000| Complete 
|  14|0x0000000712600000, 0x0000000712700000, 0x0000000712700000|100%|HC|  |TAMS 0x0000000712600000, 0x0000000712600000| Complete 
|  15|0x0000000712700000, 0x0000000712800000, 0x0000000712800000|100%|HC|  |TAMS 0x0000000712700000, 0x0000000712700000| Complete 
|  16|0x0000000712800000, 0x0000000712900000, 0x0000000712900000|100%|HC|  |TAMS 0x0000000712800000, 0x0000000712800000| Complete 
|  17|0x0000000712900000, 0x0000000712a00000, 0x0000000712a00000|100%|HC|  |TAMS 0x0000000712900000, 0x0000000712900000| Complete 
|  18|0x0000000712a00000, 0x0000000712b00000, 0x0000000712b00000|100%|HC|  |TAMS 0x0000000712a00000, 0x0000000712a00000| Complete 
|  19|0x0000000712b00000, 0x0000000712c00000, 0x0000000712c00000|100%|HC|  |TAMS 0x0000000712b00000, 0x0000000712b00000| Complete 
|  20|0x0000000712c00000, 0x0000000712d00000, 0x0000000712d00000|100%|HC|  |TAMS 0x0000000712c00000, 0x0000000712c00000| Complete 
|  21|0x0000000712d00000, 0x0000000712e00000, 0x0000000712e00000|100%|HC|  |TAMS 0x0000000712d00000, 0x0000000712d00000| Complete 
|  22|0x0000000712e00000, 0x0000000712f00000, 0x0000000712f00000|100%|HC|  |TAMS 0x0000000712e00000, 0x0000000712e00000| Complete 
|  23|0x0000000712f00000, 0x0000000713000000, 0x0000000713000000|100%|HC|  |TAMS 0x0000000712f00000, 0x0000000712f00000| Complete 
|  24|0x0000000713000000, 0x0000000713100000, 0x0000000713100000|100%|HC|  |TAMS 0x0000000713000000, 0x0000000713000000| Complete 
|  25|0x0000000713100000, 0x0000000713200000, 0x0000000713200000|100%|HC|  |TAMS 0x0000000713100000, 0x0000000713100000| Complete 
|  26|0x0000000713200000, 0x0000000713300000, 0x0000000713300000|100%|HC|  |TAMS 0x0000000713200000, 0x0000000713200000| Complete 
|  27|0x0000000713300000, 0x0000000713400000, 0x0000000713400000|100%|HC|  |TAMS 0x0000000713300000, 0x0000000713300000| Complete 
|  28|0x0000000713400000, 0x0000000713500000, 0x0000000713500000|100%|HC|  |TAMS 0x0000000713400000, 0x0000000713400000| Complete 
|  29|0x0000000713500000, 0x0000000713600000, 0x0000000713600000|100%|HC|  |TAMS 0x0000000713500000, 0x0000000713500000| Complete 
|  30|0x0000000713600000, 0x0000000713700000, 0x0000000713700000|100%|HC|  |TAMS 0x0000000713600000, 0x0000000713600000| Complete 
|  31|0x0000000713700000, 0x0000000713700000, 0x0000000713800000|  0%| F|  |TAMS 0x0000000713700000, 0x0000000713700000| Untracked 
|  32|0x0000000713800000, 0x0000000713800000, 0x0000000713900000|  0%| F|  |TAMS 0x0000000713800000, 0x0000000713800000| Untracked 
|  33|0x0000000713900000, 0x0000000713900000, 0x0000000713a00000|  0%| F|  |TAMS 0x0000000713900000, 0x0000000713900000| Untracked 
|  34|0x0000000713a00000, 0x0000000713a00000, 0x0000000713b00000|  0%| F|  |TAMS 0x0000000713a00000, 0x0000000713a00000| Untracked 
|  35|0x0000000713b00000, 0x0000000713b00000, 0x0000000713c00000|  0%| F|  |TAMS 0x0000000713b00000, 0x0000000713b00000| Untracked 
|  36|0x0000000713c00000, 0x0000000713c00000, 0x0000000713d00000|  0%| F|  |TAMS 0x0000000713c00000, 0x0000000713c00000| Untracked 
|  37|0x0000000713d00000, 0x0000000713d00000, 0x0000000713e00000|  0%| F|  |TAMS 0x0000000713d00000, 0x0000000713d00000| Untracked 
|  38|0x0000000713e00000, 0x0000000713e00000, 0x0000000713f00000|  0%| F|  |TAMS 0x0000000713e00000, 0x0000000713e00000| Untracked 
|  39|0x0000000713f00000, 0x0000000713f00000, 0x0000000714000000|  0%| F|  |TAMS 0x0000000713f00000, 0x0000000713f00000| Untracked 
|  40|0x0000000714000000, 0x0000000714000000, 0x0000000714100000|  0%| F|  |TAMS 0x0000000714000000, 0x0000000714000000| Untracked 
|  41|0x0000000714100000, 0x0000000714100000, 0x0000000714200000|  0%| F|  |TAMS 0x0000000714100000, 0x0000000714100000| Untracked 
|  42|0x0000000714200000, 0x0000000714200000, 0x0000000714300000|  0%| F|  |TAMS 0x0000000714200000, 0x0000000714200000| Untracked 
|  43|0x0000000714300000, 0x0000000714300000, 0x0000000714400000|  0%| F|  |TAMS 0x0000000714300000, 0x0000000714300000| Untracked 
|  44|0x0000000714400000, 0x0000000714400000, 0x0000000714500000|  0%| F|  |TAMS 0x0000000714400000, 0x0000000714400000| Untracked 
|  45|0x0000000714500000, 0x0000000714500000, 0x0000000714600000|  0%| F|  |TAMS 0x0000000714500000, 0x0000000714500000| Untracked 
|  46|0x0000000714600000, 0x0000000714600000, 0x0000000714700000|  0%| F|  |TAMS 0x0000000714600000, 0x0000000714600000| Untracked 
|  47|0x0000000714700000, 0x0000000714700000, 0x0000000714800000|  0%| F|  |TAMS 0x0000000714700000, 0x0000000714700000| Untracked 
|  48|0x0000000714800000, 0x0000000714800000, 0x0000000714900000|  0%| F|  |TAMS 0x0000000714800000, 0x0000000714800000| Untracked 
|  49|0x0000000714900000, 0x0000000714900000, 0x0000000714a00000|  0%| F|  |TAMS 0x0000000714900000, 0x0000000714900000| Untracked 
|  50|0x0000000714a00000, 0x0000000714a00000, 0x0000000714b00000|  0%| F|  |TAMS 0x0000000714a00000, 0x0000000714a00000| Untracked 
|  51|0x0000000714b00000, 0x0000000714b00000, 0x0000000714c00000|  0%| F|  |TAMS 0x0000000714b00000, 0x0000000714b00000| Untracked 
|  52|0x0000000714c00000, 0x0000000714c00000, 0x0000000714d00000|  0%| F|  |TAMS 0x0000000714c00000, 0x0000000714c00000| Untracked 
|  53|0x0000000714d00000, 0x0000000714d00000, 0x0000000714e00000|  0%| F|  |TAMS 0x0000000714d00000, 0x0000000714d00000| Untracked 
|  54|0x0000000714e00000, 0x0000000714e00000, 0x0000000714f00000|  0%| F|  |TAMS 0x0000000714e00000, 0x0000000714e00000| Untracked 
|  55|0x0000000714f00000, 0x0000000714f00000, 0x0000000715000000|  0%| F|  |TAMS 0x0000000714f00000, 0x0000000714f00000| Untracked 
|  56|0x0000000715000000, 0x0000000715000000, 0x0000000715100000|  0%| F|  |TAMS 0x0000000715000000, 0x0000000715000000| Untracked 
|  57|0x0000000715100000, 0x0000000715100000, 0x0000000715200000|  0%| F|  |TAMS 0x0000000715100000, 0x0000000715100000| Untracked 
|  58|0x0000000715200000, 0x0000000715200000, 0x0000000715300000|  0%| F|  |TAMS 0x0000000715200000, 0x0000000715200000| Untracked 
|  59|0x0000000715300000, 0x0000000715300000, 0x0000000715400000|  0%| F|  |TAMS 0x0000000715300000, 0x0000000715300000| Untracked 
|  60|0x0000000715400000, 0x0000000715400000, 0x0000000715500000|  0%| F|  |TAMS 0x0000000715400000, 0x0000000715400000| Untracked 
|  61|0x0000000715500000, 0x0000000715500000, 0x0000000715600000|  0%| F|  |TAMS 0x0000000715500000, 0x0000000715500000| Untracked 
|  62|0x0000000715600000, 0x0000000715600000, 0x0000000715700000|  0%| F|  |TAMS 0x0000000715600000, 0x0000000715600000| Untracked 
|  63|0x0000000715700000, 0x0000000715700000, 0x0000000715800000|  0%| F|  |TAMS 0x0000000715700000, 0x0000000715700000| Untracked 
|  64|0x0000000715800000, 0x0000000715800000, 0x0000000715900000|  0%| F|  |TAMS 0x0000000715800000, 0x0000000715800000| Untracked 
|  65|0x0000000715900000, 0x0000000715900000, 0x0000000715a00000|  0%| F|  |TAMS 0x0000000715900000, 0x0000000715900000| Untracked 
|  66|0x0000000715a00000, 0x0000000715a00000, 0x0000000715b00000|  0%| F|  |TAMS 0x0000000715a00000, 0x0000000715a00000| Untracked 
|  67|0x0000000715b00000, 0x0000000715b00000, 0x0000000715c00000|  0%| F|  |TAMS 0x0000000715b00000, 0x0000000715b00000| Untracked 
|  68|0x0000000715c00000, 0x0000000715c00000, 0x0000000715d00000|  0%| F|  |TAMS 0x0000000715c00000, 0x0000000715c00000| Untracked 
|  69|0x0000000715d00000, 0x0000000715d00000, 0x0000000715e00000|  0%| F|  |TAMS 0x0000000715d00000, 0x0000000715d00000| Untracked 
|  70|0x0000000715e00000, 0x0000000715e00000, 0x0000000715f00000|  0%| F|  |TAMS 0x0000000715e00000, 0x0000000715e00000| Untracked 
|  71|0x0000000715f00000, 0x0000000715f00000, 0x0000000716000000|  0%| F|  |TAMS 0x0000000715f00000, 0x0000000715f00000| Untracked 
|  72|0x0000000716000000, 0x0000000716000000, 0x0000000716100000|  0%| F|  |TAMS 0x0000000716000000, 0x0000000716000000| Untracked 
|  73|0x0000000716100000, 0x0000000716100000, 0x0000000716200000|  0%| F|  |TAMS 0x0000000716100000, 0x0000000716100000| Untracked 
|  74|0x0000000716200000, 0x0000000716200000, 0x0000000716300000|  0%| F|  |TAMS 0x0000000716200000, 0x0000000716200000| Untracked 
|  75|0x0000000716300000, 0x0000000716300000, 0x0000000716400000|  0%| F|  |TAMS 0x0000000716300000, 0x0000000716300000| Untracked 
|  76|0x0000000716400000, 0x0000000716400000, 0x0000000716500000|  0%| F|  |TAMS 0x0000000716400000, 0x0000000716400000| Untracked 
|  77|0x0000000716500000, 0x0000000716500000, 0x0000000716600000|  0%| F|  |TAMS 0x0000000716500000, 0x0000000716500000| Untracked 
|  78|0x0000000716600000, 0x0000000716600000, 0x0000000716700000|  0%| F|  |TAMS 0x0000000716600000, 0x0000000716600000| Untracked 
|  79|0x0000000716700000, 0x0000000716700000, 0x0000000716800000|  0%| F|  |TAMS 0x0000000716700000, 0x0000000716700000| Untracked 
|  80|0x0000000716800000, 0x0000000716800000, 0x0000000716900000|  0%| F|  |TAMS 0x0000000716800000, 0x0000000716800000| Untracked 
|  81|0x0000000716900000, 0x0000000716900000, 0x0000000716a00000|  0%| F|  |TAMS 0x0000000716900000, 0x0000000716900000| Untracked 
|  82|0x0000000716a00000, 0x0000000716a00000, 0x0000000716b00000|  0%| F|  |TAMS 0x0000000716a00000, 0x0000000716a00000| Untracked 
|  83|0x0000000716b00000, 0x0000000716b00000, 0x0000000716c00000|  0%| F|  |TAMS 0x0000000716b00000, 0x0000000716b00000| Untracked 
|  84|0x0000000716c00000, 0x0000000716c00000, 0x0000000716d00000|  0%| F|  |TAMS 0x0000000716c00000, 0x0000000716c00000| Untracked 
|  85|0x0000000716d00000, 0x0000000716d00000, 0x0000000716e00000|  0%| F|  |TAMS 0x0000000716d00000, 0x0000000716d00000| Untracked 
|  86|0x0000000716e00000, 0x0000000716e00000, 0x0000000716f00000|  0%| F|  |TAMS 0x0000000716e00000, 0x0000000716e00000| Untracked 
|  87|0x0000000716f00000, 0x0000000716f00000, 0x0000000717000000|  0%| F|  |TAMS 0x0000000716f00000, 0x0000000716f00000| Untracked 
|  88|0x0000000717000000, 0x0000000717000000, 0x0000000717100000|  0%| F|  |TAMS 0x0000000717000000, 0x0000000717000000| Untracked 
|  89|0x0000000717100000, 0x0000000717100000, 0x0000000717200000|  0%| F|  |TAMS 0x0000000717100000, 0x0000000717100000| Untracked 
|  90|0x0000000717200000, 0x0000000717200000, 0x0000000717300000|  0%| F|  |TAMS 0x0000000717200000, 0x0000000717200000| Untracked 
|  91|0x0000000717300000, 0x0000000717300000, 0x0000000717400000|  0%| F|  |TAMS 0x0000000717300000, 0x0000000717300000| Untracked 
|  92|0x0000000717400000, 0x0000000717400000, 0x0000000717500000|  0%| F|  |TAMS 0x0000000717400000, 0x0000000717400000| Untracked 
|  93|0x0000000717500000, 0x0000000717500000, 0x0000000717600000|  0%| F|  |TAMS 0x0000000717500000, 0x0000000717500000| Untracked 
|  94|0x0000000717600000, 0x0000000717600000, 0x0000000717700000|  0%| F|  |TAMS 0x0000000717600000, 0x0000000717600000| Untracked 
|  95|0x0000000717700000, 0x0000000717700000, 0x0000000717800000|  0%| F|  |TAMS 0x0000000717700000, 0x0000000717700000| Untracked 
|  96|0x0000000717800000, 0x0000000717800000, 0x0000000717900000|  0%| F|  |TAMS 0x0000000717800000, 0x0000000717800000| Untracked 
|  97|0x0000000717900000, 0x0000000717900000, 0x0000000717a00000|  0%| F|  |TAMS 0x0000000717900000, 0x0000000717900000| Untracked 
|  98|0x0000000717a00000, 0x0000000717a00000, 0x0000000717b00000|  0%| F|  |TAMS 0x0000000717a00000, 0x0000000717a00000| Untracked 
|  99|0x0000000717b00000, 0x0000000717b00000, 0x0000000717c00000|  0%| F|  |TAMS 0x0000000717b00000, 0x0000000717b00000| Untracked 
| 100|0x0000000717c00000, 0x0000000717c00000, 0x0000000717d00000|  0%| F|  |TAMS 0x0000000717c00000, 0x0000000717c00000| Untracked 
| 101|0x0000000717d00000, 0x0000000717d00000, 0x0000000717e00000|  0%| F|  |TAMS 0x0000000717d00000, 0x0000000717d00000| Untracked 
| 102|0x0000000717e00000, 0x0000000717e00000, 0x0000000717f00000|  0%| F|  |TAMS 0x0000000717e00000, 0x0000000717e00000| Untracked 
| 103|0x0000000717f00000, 0x0000000717f00000, 0x0000000718000000|  0%| F|  |TAMS 0x0000000717f00000, 0x0000000717f00000| Untracked 
| 104|0x0000000718000000, 0x0000000718000000, 0x0000000718100000|  0%| F|  |TAMS 0x0000000718000000, 0x0000000718000000| Untracked 
| 105|0x0000000718100000, 0x0000000718100000, 0x0000000718200000|  0%| F|  |TAMS 0x0000000718100000, 0x0000000718100000| Untracked 
| 106|0x0000000718200000, 0x0000000718200000, 0x0000000718300000|  0%| F|  |TAMS 0x0000000718200000, 0x0000000718200000| Untracked 
| 107|0x0000000718300000, 0x0000000718300000, 0x0000000718400000|  0%| F|  |TAMS 0x0000000718300000, 0x0000000718300000| Untracked 
| 108|0x0000000718400000, 0x0000000718400000, 0x0000000718500000|  0%| F|  |TAMS 0x0000000718400000, 0x0000000718400000| Untracked 
| 109|0x0000000718500000, 0x0000000718500000, 0x0000000718600000|  0%| F|  |TAMS 0x0000000718500000, 0x0000000718500000| Untracked 
| 110|0x0000000718600000, 0x0000000718600000, 0x0000000718700000|  0%| F|  |TAMS 0x0000000718600000, 0x0000000718600000| Untracked 
| 111|0x0000000718700000, 0x0000000718700000, 0x0000000718800000|  0%| F|  |TAMS 0x0000000718700000, 0x0000000718700000| Untracked 
| 112|0x0000000718800000, 0x0000000718800000, 0x0000000718900000|  0%| F|  |TAMS 0x0000000718800000, 0x0000000718800000| Untracked 
| 113|0x0000000718900000, 0x0000000718900000, 0x0000000718a00000|  0%| F|  |TAMS 0x0000000718900000, 0x0000000718900000| Untracked 
| 114|0x0000000718a00000, 0x0000000718a00000, 0x0000000718b00000|  0%| F|  |TAMS 0x0000000718a00000, 0x0000000718a00000| Untracked 
| 115|0x0000000718b00000, 0x0000000718b00000, 0x0000000718c00000|  0%| F|  |TAMS 0x0000000718b00000, 0x0000000718b00000| Untracked 
| 116|0x0000000718c00000, 0x0000000718c00000, 0x0000000718d00000|  0%| F|  |TAMS 0x0000000718c00000, 0x0000000718c00000| Untracked 
| 117|0x0000000718d00000, 0x0000000718d00000, 0x0000000718e00000|  0%| F|  |TAMS 0x0000000718d00000, 0x0000000718d00000| Untracked 
| 118|0x0000000718e00000, 0x0000000718e00000, 0x0000000718f00000|  0%| F|  |TAMS 0x0000000718e00000, 0x0000000718e00000| Untracked 
| 119|0x0000000718f00000, 0x0000000718f00000, 0x0000000719000000|  0%| F|  |TAMS 0x0000000718f00000, 0x0000000718f00000| Untracked 
| 120|0x0000000719000000, 0x0000000719000000, 0x0000000719100000|  0%| F|  |TAMS 0x0000000719000000, 0x0000000719000000| Untracked 
| 121|0x0000000719100000, 0x0000000719100000, 0x0000000719200000|  0%| F|  |TAMS 0x0000000719100000, 0x0000000719100000| Untracked 
| 122|0x0000000719200000, 0x0000000719200000, 0x0000000719300000|  0%| F|  |TAMS 0x0000000719200000, 0x0000000719200000| Untracked 
| 123|0x0000000719300000, 0x0000000719300000, 0x0000000719400000|  0%| F|  |TAMS 0x0000000719300000, 0x0000000719300000| Untracked 
| 124|0x0000000719400000, 0x0000000719400000, 0x0000000719500000|  0%| F|  |TAMS 0x0000000719400000, 0x0000000719400000| Untracked 
| 125|0x0000000719500000, 0x0000000719500000, 0x0000000719600000|  0%| F|  |TAMS 0x0000000719500000, 0x0000000719500000| Untracked 
| 126|0x0000000719600000, 0x0000000719600000, 0x0000000719700000|  0%| F|  |TAMS 0x0000000719600000, 0x0000000719600000| Untracked 
| 127|0x0000000719700000, 0x0000000719700000, 0x0000000719800000|  0%| F|  |TAMS 0x0000000719700000, 0x0000000719700000| Untracked 
| 128|0x0000000719800000, 0x0000000719800000, 0x0000000719900000|  0%| F|  |TAMS 0x0000000719800000, 0x0000000719800000| Untracked 
| 129|0x0000000719900000, 0x0000000719900000, 0x0000000719a00000|  0%| F|  |TAMS 0x0000000719900000, 0x0000000719900000| Untracked 
| 130|0x0000000719a00000, 0x0000000719a00000, 0x0000000719b00000|  0%| F|  |TAMS 0x0000000719a00000, 0x0000000719a00000| Untracked 
| 131|0x0000000719b00000, 0x0000000719b00000, 0x0000000719c00000|  0%| F|  |TAMS 0x0000000719b00000, 0x0000000719b00000| Untracked 
| 132|0x0000000719c00000, 0x0000000719c00000, 0x0000000719d00000|  0%| F|  |TAMS 0x0000000719c00000, 0x0000000719c00000| Untracked 
| 133|0x0000000719d00000, 0x0000000719d00000, 0x0000000719e00000|  0%| F|  |TAMS 0x0000000719d00000, 0x0000000719d00000| Untracked 
| 134|0x0000000719e00000, 0x0000000719e00000, 0x0000000719f00000|  0%| F|  |TAMS 0x0000000719e00000, 0x0000000719e00000| Untracked 
| 135|0x0000000719f00000, 0x0000000719f00000, 0x000000071a000000|  0%| F|  |TAMS 0x0000000719f00000, 0x0000000719f00000| Untracked 
| 136|0x000000071a000000, 0x000000071a000000, 0x000000071a100000|  0%| F|  |TAMS 0x000000071a000000, 0x000000071a000000| Untracked 
| 137|0x000000071a100000, 0x000000071a100000, 0x000000071a200000|  0%| F|  |TAMS 0x000000071a100000, 0x000000071a100000| Untracked 
| 138|0x000000071a200000, 0x000000071a200000, 0x000000071a300000|  0%| F|  |TAMS 0x000000071a200000, 0x000000071a200000| Untracked 
| 139|0x000000071a300000, 0x000000071a300000, 0x000000071a400000|  0%| F|  |TAMS 0x000000071a300000, 0x000000071a300000| Untracked 
| 140|0x000000071a400000, 0x000000071a400000, 0x000000071a500000|  0%| F|  |TAMS 0x000000071a400000, 0x000000071a400000| Untracked 
| 141|0x000000071a500000, 0x000000071a500000, 0x000000071a600000|  0%| F|  |TAMS 0x000000071a500000, 0x000000071a500000| Untracked 
| 142|0x000000071a600000, 0x000000071a600000, 0x000000071a700000|  0%| F|  |TAMS 0x000000071a600000, 0x000000071a600000| Untracked 
| 143|0x000000071a700000, 0x000000071a700000, 0x000000071a800000|  0%| F|  |TAMS 0x000000071a700000, 0x000000071a700000| Untracked 
| 144|0x000000071a800000, 0x000000071a800800, 0x000000071a900000|  0%| E|  |TAMS 0x000000071a800000, 0x000000071a800000| Complete 
| 145|0x000000071a900000, 0x000000071aa00000, 0x000000071aa00000|100%| E|CS|TAMS 0x000000071a900000, 0x000000071a900000| Complete 
| 146|0x000000071aa00000, 0x000000071ab00000, 0x000000071ab00000|100%| E|CS|TAMS 0x000000071aa00000, 0x000000071aa00000| Complete 
| 147|0x000000071ab00000, 0x000000071ac00000, 0x000000071ac00000|100%| E|CS|TAMS 0x000000071ab00000, 0x000000071ab00000| Complete 
| 148|0x000000071ac00000, 0x000000071ad00000, 0x000000071ad00000|100%| E|CS|TAMS 0x000000071ac00000, 0x000000071ac00000| Complete 
| 149|0x000000071ad00000, 0x000000071ae00000, 0x000000071ae00000|100%| E|CS|TAMS 0x000000071ad00000, 0x000000071ad00000| Complete 
| 150|0x000000071ae00000, 0x000000071af00000, 0x000000071af00000|100%| E|CS|TAMS 0x000000071ae00000, 0x000000071ae00000| Complete 
| 151|0x000000071af00000, 0x000000071b000000, 0x000000071b000000|100%| E|CS|TAMS 0x000000071af00000, 0x000000071af00000| Complete 
| 152|0x000000071b000000, 0x000000071b100000, 0x000000071b100000|100%| E|CS|TAMS 0x000000071b000000, 0x000000071b000000| Complete 
| 153|0x000000071b100000, 0x000000071b200000, 0x000000071b200000|100%| E|CS|TAMS 0x000000071b100000, 0x000000071b100000| Complete 
| 154|0x000000071b200000, 0x000000071b300000, 0x000000071b300000|100%| E|CS|TAMS 0x000000071b200000, 0x000000071b200000| Complete 
| 155|0x000000071b300000, 0x000000071b400000, 0x000000071b400000|100%| E|CS|TAMS 0x000000071b300000, 0x000000071b300000| Complete 
| 156|0x000000071b400000, 0x000000071b500000, 0x000000071b500000|100%| E|CS|TAMS 0x000000071b400000, 0x000000071b400000| Complete 
| 157|0x000000071b500000, 0x000000071b600000, 0x000000071b600000|100%| E|CS|TAMS 0x000000071b500000, 0x000000071b500000| Complete 
| 158|0x000000071b600000, 0x000000071b700000, 0x000000071b700000|100%| E|CS|TAMS 0x000000071b600000, 0x000000071b600000| Complete 
| 159|0x000000071b700000, 0x000000071b800000, 0x000000071b800000|100%| E|CS|TAMS 0x000000071b700000, 0x000000071b700000| Complete 
| 160|0x000000071b800000, 0x000000071b900000, 0x000000071b900000|100%| E|CS|TAMS 0x000000071b800000, 0x000000071b800000| Complete 
| 161|0x000000071b900000, 0x000000071ba00000, 0x000000071ba00000|100%| E|CS|TAMS 0x000000071b900000, 0x000000071b900000| Complete 
| 162|0x000000071ba00000, 0x000000071bb00000, 0x000000071bb00000|100%| E|CS|TAMS 0x000000071ba00000, 0x000000071ba00000| Complete 
| 163|0x000000071bb00000, 0x000000071bc00000, 0x000000071bc00000|100%| E|CS|TAMS 0x000000071bb00000, 0x000000071bb00000| Complete 
| 164|0x000000071bc00000, 0x000000071bd00000, 0x000000071bd00000|100%| E|CS|TAMS 0x000000071bc00000, 0x000000071bc00000| Complete 
| 165|0x000000071bd00000, 0x000000071be00000, 0x000000071be00000|100%| E|CS|TAMS 0x000000071bd00000, 0x000000071bd00000| Complete 
| 166|0x000000071be00000, 0x000000071bf00000, 0x000000071bf00000|100%| E|CS|TAMS 0x000000071be00000, 0x000000071be00000| Complete 
| 167|0x000000071bf00000, 0x000000071c000000, 0x000000071c000000|100%| E|CS|TAMS 0x000000071bf00000, 0x000000071bf00000| Complete 
| 168|0x000000071c000000, 0x000000071c100000, 0x000000071c100000|100%| E|CS|TAMS 0x000000071c000000, 0x000000071c000000| Complete 
| 169|0x000000071c100000, 0x000000071c200000, 0x000000071c200000|100%| E|CS|TAMS 0x000000071c100000, 0x000000071c100000| Complete 
| 170|0x000000071c200000, 0x000000071c300000, 0x000000071c300000|100%| E|CS|TAMS 0x000000071c200000, 0x000000071c200000| Complete 
| 171|0x000000071c300000, 0x000000071c400000, 0x000000071c400000|100%| E|CS|TAMS 0x000000071c300000, 0x000000071c300000| Complete 
| 172|0x000000071c400000, 0x000000071c500000, 0x000000071c500000|100%| E|CS|TAMS 0x000000071c400000, 0x000000071c400000| Complete 
| 173|0x000000071c500000, 0x000000071c600000, 0x000000071c600000|100%| E|CS|TAMS 0x000000071c500000, 0x000000071c500000| Complete 
| 174|0x000000071c600000, 0x000000071c700000, 0x000000071c700000|100%| E|CS|TAMS 0x000000071c600000, 0x000000071c600000| Complete 
| 175|0x000000071c700000, 0x000000071c800000, 0x000000071c800000|100%| E|CS|TAMS 0x000000071c700000, 0x000000071c700000| Complete 
| 176|0x000000071c800000, 0x000000071c900000, 0x000000071c900000|100%| E|CS|TAMS 0x000000071c800000, 0x000000071c800000| Complete 
| 177|0x000000071c900000, 0x000000071ca00000, 0x000000071ca00000|100%| E|CS|TAMS 0x000000071c900000, 0x000000071c900000| Complete 
| 178|0x000000071ca00000, 0x000000071cb00000, 0x000000071cb00000|100%| E|CS|TAMS 0x000000071ca00000, 0x000000071ca00000| Complete 
| 179|0x000000071cb00000, 0x000000071cc00000, 0x000000071cc00000|100%| E|CS|TAMS 0x000000071cb00000, 0x000000071cb00000| Complete 
| 180|0x000000071cc00000, 0x000000071cd00000, 0x000000071cd00000|100%| E|CS|TAMS 0x000000071cc00000, 0x000000071cc00000| Complete 
| 181|0x000000071cd00000, 0x000000071ce00000, 0x000000071ce00000|100%| E|CS|TAMS 0x000000071cd00000, 0x000000071cd00000| Complete 
| 182|0x000000071ce00000, 0x000000071cf00000, 0x000000071cf00000|100%| E|CS|TAMS 0x000000071ce00000, 0x000000071ce00000| Complete 
| 183|0x000000071cf00000, 0x000000071d000000, 0x000000071d000000|100%| E|CS|TAMS 0x000000071cf00000, 0x000000071cf00000| Complete 
| 184|0x000000071d000000, 0x000000071d100000, 0x000000071d100000|100%| E|CS|TAMS 0x000000071d000000, 0x000000071d000000| Complete 
| 185|0x000000071d100000, 0x000000071d200000, 0x000000071d200000|100%| E|CS|TAMS 0x000000071d100000, 0x000000071d100000| Complete 
| 186|0x000000071d200000, 0x000000071d300000, 0x000000071d300000|100%| E|CS|TAMS 0x000000071d200000, 0x000000071d200000| Complete 
| 187|0x000000071d300000, 0x000000071d400000, 0x000000071d400000|100%| E|CS|TAMS 0x000000071d300000, 0x000000071d300000| Complete 
| 188|0x000000071d400000, 0x000000071d500000, 0x000000071d500000|100%| E|CS|TAMS 0x000000071d400000, 0x000000071d400000| Complete 
| 189|0x000000071d500000, 0x000000071d600000, 0x000000071d600000|100%| E|CS|TAMS 0x000000071d500000, 0x000000071d500000| Complete 
| 190|0x000000071d600000, 0x000000071d700000, 0x000000071d700000|100%| E|CS|TAMS 0x000000071d600000, 0x000000071d600000| Complete 
| 191|0x000000071d700000, 0x000000071d800000, 0x000000071d800000|100%| E|CS|TAMS 0x000000071d700000, 0x000000071d700000| Complete 
| 192|0x000000071d800000, 0x000000071d900000, 0x000000071d900000|100%| E|CS|TAMS 0x000000071d800000, 0x000000071d800000| Complete 
| 193|0x000000071d900000, 0x000000071da00000, 0x000000071da00000|100%| E|CS|TAMS 0x000000071d900000, 0x000000071d900000| Complete 
| 194|0x000000071da00000, 0x000000071db00000, 0x000000071db00000|100%| E|CS|TAMS 0x000000071da00000, 0x000000071da00000| Complete 
| 195|0x000000071db00000, 0x000000071dc00000, 0x000000071dc00000|100%| E|CS|TAMS 0x000000071db00000, 0x000000071db00000| Complete 
| 196|0x000000071dc00000, 0x000000071dd00000, 0x000000071dd00000|100%| E|CS|TAMS 0x000000071dc00000, 0x000000071dc00000| Complete 
| 197|0x000000071dd00000, 0x000000071de00000, 0x000000071de00000|100%| E|CS|TAMS 0x000000071dd00000, 0x000000071dd00000| Complete 
| 198|0x000000071de00000, 0x000000071df00000, 0x000000071df00000|100%| E|CS|TAMS 0x000000071de00000, 0x000000071de00000| Complete 
| 199|0x000000071df00000, 0x000000071e000000, 0x000000071e000000|100%| E|CS|TAMS 0x000000071df00000, 0x000000071df00000| Complete 
| 200|0x000000071e000000, 0x000000071e100000, 0x000000071e100000|100%| E|CS|TAMS 0x000000071e000000, 0x000000071e000000| Complete 
| 201|0x000000071e100000, 0x000000071e200000, 0x000000071e200000|100%| E|CS|TAMS 0x000000071e100000, 0x000000071e100000| Complete 
| 202|0x000000071e200000, 0x000000071e300000, 0x000000071e300000|100%| E|CS|TAMS 0x000000071e200000, 0x000000071e200000| Complete 
| 203|0x000000071e300000, 0x000000071e400000, 0x000000071e400000|100%| E|CS|TAMS 0x000000071e300000, 0x000000071e300000| Complete 
| 204|0x000000071e400000, 0x000000071e500000, 0x000000071e500000|100%| E|CS|TAMS 0x000000071e400000, 0x000000071e400000| Complete 
| 205|0x000000071e500000, 0x000000071e600000, 0x000000071e600000|100%| E|CS|TAMS 0x000000071e500000, 0x000000071e500000| Complete 
| 206|0x000000071e600000, 0x000000071e700000, 0x000000071e700000|100%| E|CS|TAMS 0x000000071e600000, 0x000000071e600000| Complete 
| 207|0x000000071e700000, 0x000000071e800000, 0x000000071e800000|100%| E|CS|TAMS 0x000000071e700000, 0x000000071e700000| Complete 
| 208|0x000000071e800000, 0x000000071e900000, 0x000000071e900000|100%| E|CS|TAMS 0x000000071e800000, 0x000000071e800000| Complete 
| 209|0x000000071e900000, 0x000000071ea00000, 0x000000071ea00000|100%| E|CS|TAMS 0x000000071e900000, 0x000000071e900000| Complete 
| 210|0x000000071ea00000, 0x000000071eb00000, 0x000000071eb00000|100%| E|CS|TAMS 0x000000071ea00000, 0x000000071ea00000| Complete 
| 211|0x000000071eb00000, 0x000000071ec00000, 0x000000071ec00000|100%| E|CS|TAMS 0x000000071eb00000, 0x000000071eb00000| Complete 
| 212|0x000000071ec00000, 0x000000071ed00000, 0x000000071ed00000|100%| E|CS|TAMS 0x000000071ec00000, 0x000000071ec00000| Complete 
| 213|0x000000071ed00000, 0x000000071ee00000, 0x000000071ee00000|100%| S|CS|TAMS 0x000000071ed00000, 0x000000071ed00000| Complete 
| 214|0x000000071ee00000, 0x000000071ef00000, 0x000000071ef00000|100%| S|CS|TAMS 0x000000071ee00000, 0x000000071ee00000| Complete 
| 215|0x000000071ef00000, 0x000000071f000000, 0x000000071f000000|100%| S|CS|TAMS 0x000000071ef00000, 0x000000071ef00000| Complete 
| 216|0x000000071f000000, 0x000000071f100000, 0x000000071f100000|100%| E|CS|TAMS 0x000000071f000000, 0x000000071f000000| Complete 
| 217|0x000000071f100000, 0x000000071f200000, 0x000000071f200000|100%| E|CS|TAMS 0x000000071f100000, 0x000000071f100000| Complete 
| 218|0x000000071f200000, 0x000000071f300000, 0x000000071f300000|100%| E|CS|TAMS 0x000000071f200000, 0x000000071f200000| Complete 
| 219|0x000000071f300000, 0x000000071f400000, 0x000000071f400000|100%| E|CS|TAMS 0x000000071f300000, 0x000000071f300000| Complete 
| 220|0x000000071f400000, 0x000000071f500000, 0x000000071f500000|100%| E|CS|TAMS 0x000000071f400000, 0x000000071f400000| Complete 
| 221|0x000000071f500000, 0x000000071f600000, 0x000000071f600000|100%| E|CS|TAMS 0x000000071f500000, 0x000000071f500000| Complete 
| 222|0x000000071f600000, 0x000000071f700000, 0x000000071f700000|100%| E|CS|TAMS 0x000000071f600000, 0x000000071f600000| Complete 
| 223|0x000000071f700000, 0x000000071f800000, 0x000000071f800000|100%| E|CS|TAMS 0x000000071f700000, 0x000000071f700000| Complete 
| 224|0x000000071f800000, 0x000000071f900000, 0x000000071f900000|100%| E|CS|TAMS 0x000000071f800000, 0x000000071f800000| Complete 
| 225|0x000000071f900000, 0x000000071fa00000, 0x000000071fa00000|100%| E|CS|TAMS 0x000000071f900000, 0x000000071f900000| Complete 
| 226|0x000000071fa00000, 0x000000071fb00000, 0x000000071fb00000|100%| E|CS|TAMS 0x000000071fa00000, 0x000000071fa00000| Complete 
| 227|0x000000071fb00000, 0x000000071fc00000, 0x000000071fc00000|100%| E|CS|TAMS 0x000000071fb00000, 0x000000071fb00000| Complete 
| 228|0x000000071fc00000, 0x000000071fd00000, 0x000000071fd00000|100%| E|CS|TAMS 0x000000071fc00000, 0x000000071fc00000| Complete 
| 229|0x000000071fd00000, 0x000000071fe00000, 0x000000071fe00000|100%| E|CS|TAMS 0x000000071fd00000, 0x000000071fd00000| Complete 
| 230|0x000000071fe00000, 0x000000071ff00000, 0x000000071ff00000|100%| E|CS|TAMS 0x000000071fe00000, 0x000000071fe00000| Complete 
| 231|0x000000071ff00000, 0x0000000720000000, 0x0000000720000000|100%| E|CS|TAMS 0x000000071ff00000, 0x000000071ff00000| Complete 
| 232|0x0000000720000000, 0x0000000720100000, 0x0000000720100000|100%| E|CS|TAMS 0x0000000720000000, 0x0000000720000000| Complete 
| 233|0x0000000720100000, 0x0000000720200000, 0x0000000720200000|100%| E|CS|TAMS 0x0000000720100000, 0x0000000720100000| Complete 
| 234|0x0000000720200000, 0x0000000720300000, 0x0000000720300000|100%| E|CS|TAMS 0x0000000720200000, 0x0000000720200000| Complete 
| 235|0x0000000720300000, 0x0000000720400000, 0x0000000720400000|100%| E|CS|TAMS 0x0000000720300000, 0x0000000720300000| Complete 
| 236|0x0000000720400000, 0x0000000720500000, 0x0000000720500000|100%| E|CS|TAMS 0x0000000720400000, 0x0000000720400000| Complete 
| 237|0x0000000720500000, 0x0000000720600000, 0x0000000720600000|100%| E|CS|TAMS 0x0000000720500000, 0x0000000720500000| Complete 
| 238|0x0000000720600000, 0x0000000720700000, 0x0000000720700000|100%| E|CS|TAMS 0x0000000720600000, 0x0000000720600000| Complete 
| 239|0x0000000720700000, 0x0000000720800000, 0x0000000720800000|100%| E|CS|TAMS 0x0000000720700000, 0x0000000720700000| Complete 

Card table byte_map: [0x000001d169c70000,0x000001d16a3f0000] _byte_map_base: 0x000001d1663e4000

Marking Bits (Prev, Next): (CMBitMap*) 0x000001d151a8a488, (CMBitMap*) 0x000001d151a8a4c0
 Prev Bits: [0x000001d16ab70000, 0x000001d16e710000)
 Next Bits: [0x000001d16e710000, 0x000001d1722b0000)

Polling page: 0x000001d151200000

Metaspace:

Usage:
  Non-class:     15.40 MB capacity,    15.19 MB ( 99%) used,   161.30 KB (  1%) free+waste,    46.69 KB ( <1%) overhead. 
      Class:      1.86 MB capacity,     1.66 MB ( 89%) used,   176.27 KB (  9%) free+waste,    24.69 KB (  1%) overhead. 
       Both:     17.25 MB capacity,    16.85 MB ( 98%) used,   337.56 KB (  2%) free+waste,    71.38 KB ( <1%) overhead. 

Virtual space:
  Non-class space:       16.00 MB reserved,      15.50 MB ( 97%) committed 
      Class space:        1.00 GB reserved,       1.88 MB ( <1%) committed 
             Both:        1.02 GB reserved,      17.38 MB (  2%) committed 

Chunk freelists:
   Non-Class:  43.00 KB
       Class:  18.00 KB
        Both:  61.00 KB

MaxMetaspaceSize: 17179869184.00 GB
CompressedClassSpaceSize: 1.00 GB
Initial GC threshold: 20.80 MB
Current GC threshold: 20.80 MB
CDS: off

CodeHeap 'non-profiled nmethods': size=120000Kb used=1322Kb max_used=1322Kb free=118678Kb
 bounds [0x000001d161c90000, 0x000001d161f00000, 0x000001d1691c0000]
CodeHeap 'profiled nmethods': size=120000Kb used=4199Kb max_used=4199Kb free=115800Kb
 bounds [0x000001d15a760000, 0x000001d15ab80000, 0x000001d161c90000]
CodeHeap 'non-nmethods': size=5760Kb used=1308Kb max_used=1337Kb free=4451Kb
 bounds [0x000001d15a1c0000, 0x000001d15a430000, 0x000001d15a760000]
 total_blobs=2829 nmethods=2227 adapters=514
 compilation: enabled
              stopped_count=0, restarted_count=0
 full_count=0

Compilation events (20 events):
Event: 30.962 Thread 0x000001d175703800 2218 %     4       PaooGame.States.PlayState::Update @ 94 (119 bytes)
Event: 30.966 Thread 0x000001d175703800 nmethod 2218% 0x000001d161dc8410 code [0x000001d161dc85a0, 0x000001d161dc8758]
Event: 31.529 Thread 0x000001d175703800 2219       4       PaooGame.States.PlayState::Draw (219 bytes)
Event: 31.653 Thread 0x000001d175703800 nmethod 2219 0x000001d161dc8890 code [0x000001d161dc8e60, 0x000001d161dccc08]
Event: 32.212 Thread 0x000001d175703800 2220       4       java.awt.image.SinglePixelPackedSampleModel::<init> (243 bytes)
Event: 32.229 Thread 0x000001d175703800 nmethod 2220 0x000001d161dcfc90 code [0x000001d161dcfe60, 0x000001d161dd06f8]
Event: 32.679 Thread 0x000001d175703800 2221       4       PaooGame.States.PlayState::Update (119 bytes)
Event: 32.686 Thread 0x000001d175703800 nmethod 2221 0x000001d161dd0b90 code [0x000001d161dd0da0, 0x000001d161dd1208]
Event: 33.469 Thread 0x000001d175712000 2222       3       java.awt.Component::dispatchEvent (6 bytes)
Event: 33.470 Thread 0x000001d175712000 nmethod 2222 0x000001d15ab79510 code [0x000001d15ab796c0, 0x000001d15ab79888]
Event: 33.470 Thread 0x000001d175712000 2223       1       java.util.Collections$EmptySet::contains (2 bytes)
Event: 33.470 Thread 0x000001d175712000 nmethod 2223 0x000001d161dd1590 code [0x000001d161dd1740, 0x000001d161dd17f8]
Event: 34.207 Thread 0x000001d175703800 2224       4       java.util.Arrays::copyOf (40 bytes)
Event: 34.213 Thread 0x000001d175703800 nmethod 2224 0x000001d161dd1890 code [0x000001d161dd1a40, 0x000001d161dd1e78]
Event: 35.637 Thread 0x000001d175703800 2225   !   4       sun.java2d.SunGraphics2D::fillRect (74 bytes)
Event: 35.705 Thread 0x000001d175703800 nmethod 2225 0x000001d161dd2110 code [0x000001d161dd2480, 0x000001d161dd5c88]
Event: 35.706 Thread 0x000001d175703800 2226       4       sun.java2d.pipe.PixelToParallelogramConverter::fillRect (26 bytes)
Event: 35.726 Thread 0x000001d175703800 nmethod 2226 0x000001d161dd8310 code [0x000001d161dd8560, 0x000001d161dd95d0]
Event: 36.288 Thread 0x000001d175712000 2227       3       java.util.concurrent.ConcurrentHashMap::sumCount (60 bytes)
Event: 36.289 Thread 0x000001d175712000 nmethod 2227 0x000001d15ab79910 code [0x000001d15ab79ac0, 0x000001d15ab79d18]

GC Heap History (2 events):
Event: 5.125 GC heap before
{Heap before GC invocations=0 (full 0):
 garbage-first heap   total 245760K, used 24576K [0x0000000711800000, 0x0000000800000000)
  region size 1024K, 24 young (24576K), 0 survivors (0K)
 Metaspace       used 16341K, capacity 16759K, committed 17024K, reserved 1064960K
  class space    used 1638K, capacity 1834K, committed 1920K, reserved 1048576K
}
Event: 5.131 GC heap after
{Heap after GC invocations=1 (full 0):
 garbage-first heap   total 245760K, used 3127K [0x0000000711800000, 0x0000000800000000)
  region size 1024K, 3 young (3072K), 3 survivors (3072K)
 Metaspace       used 16341K, capacity 16759K, committed 17024K, reserved 1064960K
  class space    used 1638K, capacity 1834K, committed 1920K, reserved 1048576K
}

Deoptimization events (20 events):
Event: 26.761 Thread 0x000001d175a23800 DEOPT PACKING pc=0x000001d161db674c sp=0x00000090a34ff2b0
Event: 26.761 Thread 0x000001d175a23800 DEOPT UNPACKING pc=0x000001d15a20a1af sp=0x00000090a34ff240 mode 2
Event: 26.778 Thread 0x000001d175a23800 Uncommon trap: trap_request=0xffffffbe fr.pc=0x000001d161db674c relative=0x000000000000108c
Event: 26.778 Thread 0x000001d175a23800 Uncommon trap: reason=profile_predicate action=maybe_recompile pc=0x000001d161db674c method=PaooGame.CollisionChecker.checkCharacters(LPaooGame/Items/Character;[LPaooGame/Items/Item;)I @ 11 c2
Event: 26.778 Thread 0x000001d175a23800 DEOPT PACKING pc=0x000001d161db674c sp=0x00000090a34ff2b0
Event: 26.778 Thread 0x000001d175a23800 DEOPT UNPACKING pc=0x000001d15a20a1af sp=0x00000090a34ff240 mode 2
Event: 26.778 Thread 0x000001d175a23800 Uncommon trap: trap_request=0xffffffbe fr.pc=0x000001d161db674c relative=0x000000000000108c
Event: 26.778 Thread 0x000001d175a23800 Uncommon trap: reason=profile_predicate action=maybe_recompile pc=0x000001d161db674c method=PaooGame.CollisionChecker.checkCharacters(LPaooGame/Items/Character;[LPaooGame/Items/Item;)I @ 11 c2
Event: 26.778 Thread 0x000001d175a23800 DEOPT PACKING pc=0x000001d161db674c sp=0x00000090a34ff2b0
Event: 26.778 Thread 0x000001d175a23800 DEOPT UNPACKING pc=0x000001d15a20a1af sp=0x00000090a34ff240 mode 2
Event: 31.529 Thread 0x000001d175a23800 DEOPT PACKING pc=0x000001d15ab56aa4 sp=0x00000090a34ff320
Event: 31.529 Thread 0x000001d175a23800 DEOPT UNPACKING pc=0x000001d15a20a95e sp=0x00000090a34fe828 mode 0
Event: 32.212 Thread 0x000001d175a23800 DEOPT PACKING pc=0x000001d15ab58e3d sp=0x00000090a34fede0
Event: 32.212 Thread 0x000001d175a23800 DEOPT UNPACKING pc=0x000001d15a20a95e sp=0x00000090a34fe290 mode 0
Event: 32.679 Thread 0x000001d175a23800 DEOPT PACKING pc=0x000001d15ab57b7e sp=0x00000090a34ff400
Event: 32.679 Thread 0x000001d175a23800 DEOPT UNPACKING pc=0x000001d15a20a95e sp=0x00000090a34fe8b8 mode 0
Event: 34.318 Thread 0x000001d17ba7e800 Uncommon trap: trap_request=0xffffffcc fr.pc=0x000001d161dd1d6c relative=0x000000000000032c
Event: 34.318 Thread 0x000001d17ba7e800 Uncommon trap: reason=intrinsic_or_type_checked_inlining action=make_not_entrant pc=0x000001d161dd1d6c method=java.util.Arrays.copyOf([Ljava/lang/Object;ILjava/lang/Class;)[Ljava/lang/Object; @ 35 c2
Event: 34.318 Thread 0x000001d17ba7e800 DEOPT PACKING pc=0x000001d161dd1d6c sp=0x00000090a41ff660
Event: 34.318 Thread 0x000001d17ba7e800 DEOPT UNPACKING pc=0x000001d15a20a1af sp=0x00000090a41ff5f0 mode 2

Classes redefined (0 events):
No events

Internal exceptions (20 events):
Event: 0.368 Thread 0x000001d175d86800 Exception <a 'java/lang/NoSuchMethodError'{0x00000007202808d8}: 'void java.lang.invoke.DirectMethodHandle$Holder.invokeSpecial(java.lang.Object, java.lang.Object)'> (0x00000007202808d8) thrown at [s\src\hotspot\share\interpreter\linkResolver.cpp, line 773]
Event: 0.374 Thread 0x000001d175a23800 Exception <a 'java/lang/NoSuchMethodError'{0x00000007202278a0}: 'java.lang.Object java.lang.invoke.DirectMethodHandle$Holder.invokeStatic(java.lang.Object, java.lang.Object, java.lang.Object, java.lang.Object, java.lang.Object, java.lang.Object, java.lang.Object, java.lang.Object, int)'> (0x00000007202278a0) thrown at [s\src\hotspot\share\interpreter\linkResolver.cpp, line 773]
Event: 0.377 Thread 0x000001d175a23800 Exception <a 'java/lang/NoSuchMethodError'{0x0000000720241800}: 'java.lang.Object java.lang.invoke.DirectMethodHandle$Holder.invokeStatic(java.lang.Object, java.lang.Object, java.lang.Object, java.lang.Object, java.lang.Object, java.lang.Object, java.lang.Object, java.lang.Object, int, int)'> (0x0000000720241800) thrown at [s\src\hotspot\share\interpreter\linkResolver.cpp, line 773]
Event: 0.531 Thread 0x000001d175a23800 Exception <a 'java/lang/NoSuchMethodError'{0x00000007201d7c78}: 'java.lang.Object java.lang.invoke.DirectMethodHandle$Holder.invokeStatic(java.lang.Object, int, java.lang.Object, java.lang.Object, java.lang.Object, java.lang.Object)'> (0x00000007201d7c78) thrown at [s\src\hotspot\share\interpreter\linkResolver.cpp, line 773]
Event: 0.532 Thread 0x000001d175a23800 Exception <a 'java/lang/NoSuchMethodError'{0x00000007201ded38}: 'java.lang.Object java.lang.invoke.DirectMethodHandle$Holder.invokeStatic(java.lang.Object, int, java.lang.Object, java.lang.Object, java.lang.Object)'> (0x00000007201ded38) thrown at [s\src\hotspot\share\interpreter\linkResolver.cpp, line 773]
Event: 0.533 Thread 0x000001d175a23800 Exception <a 'java/lang/NoSuchMethodError'{0x00000007201e2880}: 'java.lang.Object java.lang.invoke.DirectMethodHandle$Holder.invokeSpecial(java.lang.Object, java.lang.Object, int, java.lang.Object, java.lang.Object, java.lang.Object)'> (0x00000007201e2880) thrown at [s\src\hotspot\share\interpreter\linkResolver.cpp, line 773]
Event: 0.536 Thread 0x000001d175a23800 Exception <a 'java/lang/NoSuchMethodError'{0x00000007201fa3b8}: 'java.lang.Object java.lang.invoke.DirectMethodHandle$Holder.invokeStatic(java.lang.Object, int, java.lang.Object)'> (0x00000007201fa3b8) thrown at [s\src\hotspot\share\interpreter\linkResolver.cpp, line 773]
Event: 0.561 Thread 0x000001d175a23800 Exception <a 'java/lang/ClassNotFoundException'{0x00000007200a54e8}: com/sun/swing/internal/plaf/metal/resources/spi/metalProvider> (0x00000007200a54e8) thrown at [s\src\hotspot\share\classfile\systemDictionary.cpp, line 230]
Event: 0.563 Thread 0x000001d175a23800 Exception <a 'java/lang/ClassNotFoundException'{0x00000007200a9788}: com/sun/swing/internal/plaf/basic/resources/spi/basicProvider> (0x00000007200a9788) thrown at [s\src\hotspot\share\classfile\systemDictionary.cpp, line 230]
Event: 0.588 Thread 0x000001d175d86800 Exception <a 'java/lang/NoSuchMethodError'{0x000000072028e4c8}: 'void java.lang.invoke.DirectMethodHandle$Holder.invokeVirtual(java.lang.Object, java.lang.Object)'> (0x000000072028e4c8) thrown at [s\src\hotspot\share\interpreter\linkResolver.cpp, line 773]
Event: 0.612 Thread 0x000001d175a23800 Exception <a 'java/lang/NoSuchMethodError'{0x000000071ff18508}: 'void java.lang.invoke.DirectMethodHandle$Holder.invokeStaticInit(java.lang.Object)'> (0x000000071ff18508) thrown at [s\src\hotspot\share\interpreter\linkResolver.cpp, line 773]
Event: 0.662 Thread 0x000001d175a23800 Exception <a 'java/lang/NoSuchMethodError'{0x000000071fe60580}: 'java.lang.Object java.lang.invoke.DirectMethodHandle$Holder.invokeStatic(java.lang.Object, java.lang.Object, java.lang.Object, java.lang.Object, java.lang.Object, java.lang.Object, java.lang.Object, java.lang.Object, java.lang.Object, java.lang.Object, java.lang.Object, int)'> (0x000000071fe60580) thrown at [s\src\hotspot\share\interpreter\linkResolver.cpp, line 773]
Event: 0.665 Thread 0x000001d175a23800 Exception <a 'java/lang/NoSuchMethodError'{0x000000071fe7e9f8}: 'java.lang.Object java.lang.invoke.DirectMethodHandle$Holder.invokeStatic(java.lang.Object, java.lang.Object, java.lang.Object, java.lang.Object, java.lang.Object, java.lang.Object, java.lang.Object, java.lang.Object, java.lang.Object, java.lang.Object, java.lang.Object, int, int)'> (0x000000071fe7e9f8) thrown at [s\src\hotspot\share\interpreter\linkResolver.cpp, line 773]
Event: 0.667 Thread 0x000001d175a23800 Exception <a 'java/lang/NoSuchMethodError'{0x000000071fe9d990}: 'java.lang.Object java.lang.invoke.DirectMethodHandle$Holder.invokeStatic(java.lang.Object, java.lang.Object, java.lang.Object, java.lang.Object, java.lang.Object, java.lang.Object, java.lang.Object, java.lang.Object, java.lang.Object, java.lang.Object, java.lang.Object, int, int, java.lang.Object)'> (0x000000071fe9d990) thrown at [s\src\hotspot\share\interpreter\linkResolver.cpp, line 773]
Event: 0.668 Thread 0x000001d175a23800 Exception <a 'java/lang/NoSuchMethodError'{0x000000071fea9940}: 'java.lang.Object java.lang.invoke.Invokers$Holder.linkToTargetMethod(java.lang.Object, int, java.lang.Object)'> (0x000000071fea9940) thrown at [s\src\hotspot\share\interpreter\linkResolver.cpp, line 773]
Event: 0.758 Thread 0x000001d175a23800 Exception <a 'java/lang/NoSuchMethodError'{0x000000071fda0b28}: 'java.lang.Object java.lang.invoke.DirectMethodHandle$Holder.invokeStatic(java.lang.Object, int, int, int, int)'> (0x000000071fda0b28) thrown at [s\src\hotspot\share\interpreter\linkResolver.cpp, line 773]
Event: 0.758 Thread 0x000001d175a23800 Exception <a 'java/lang/NoSuchMethodError'{0x000000071fda3c50}: 'java.lang.Object java.lang.invoke.DirectMethodHandle$Holder.invokeStaticInit(java.lang.Object, int, int, int, int)'> (0x000000071fda3c50) thrown at [s\src\hotspot\share\interpreter\linkResolver.cpp, line 773]
Event: 1.242 Thread 0x000001d175a23800 Exception <a 'java/lang/NoSuchMethodError'{0x000000071fc51d48}: 'java.lang.Object java.lang.invoke.DirectMethodHandle$Holder.invokeStatic(java.lang.Object, java.lang.Object, int, int, int, int)'> (0x000000071fc51d48) thrown at [s\src\hotspot\share\interpreter\linkResolver.cpp, line 773]
Event: 1.242 Thread 0x000001d175a23800 Exception <a 'java/lang/NoSuchMethodError'{0x000000071fc550a0}: 'java.lang.Object java.lang.invoke.DirectMethodHandle$Holder.invokeStaticInit(java.lang.Object, java.lang.Object, int, int, int, int)'> (0x000000071fc550a0) thrown at [s\src\hotspot\share\interpreter\linkResolver.cpp, line 773]
Event: 1.543 Thread 0x000001d175a23800 Exception <a 'java/lang/NoSuchMethodError'{0x000000071f73cb98}: 'java.lang.Object java.lang.invoke.DirectMethodHandle$Holder.invokeStatic(java.lang.Object, java.lang.Object, java.lang.Object, java.lang.Object, java.lang.Object, java.lang.Object, java.lang.Object, java.lang.Object, java.lang.Object, java.lang.Object, java.lang.Object, int, int, java.lang.Object, java.lang.Object)'> (0x000000071f73cb98) thrown at [s\src\hotspot\share\interpreter\linkResolver.cpp, line 773]

Events (20 events):
Event: 20.716 loading class PaooGame/Tiles/vGateTile
Event: 20.716 loading class PaooGame/Tiles/vGateTile done
Event: 21.078 Thread 0x000001d175cef000 Thread added: 0x000001d175cef000
Event: 21.095 loading class java/awt/image/BufferedImageOp
Event: 21.095 loading class java/awt/image/BufferedImageOp done
Event: 21.578 Thread 0x000001d175cef000 Thread exited: 0x000001d175cef000
Event: 36.287 Executing VM operation: RevokeBias
Event: 36.287 Executing VM operation: RevokeBias done
Event: 36.287 Thread 0x000001d17bb0a000 Thread added: 0x000001d17bb0a000
Event: 36.288 Thread 0x000001d17bb2c800 Thread added: 0x000001d17bb2c800
Event: 36.288 Thread 0x000001d17bb2f000 Thread added: 0x000001d17bb2f000
Event: 36.288 Thread 0x000001d17bb0a000 Thread exited: 0x000001d17bb0a000
Event: 36.288 Executing VM operation: RevokeBias
Event: 36.288 Executing VM operation: RevokeBias done
Event: 36.288 Thread 0x000001d17ba7e800 Thread exited: 0x000001d17ba7e800
Event: 36.288 loading class java/util/WeakHashMap$KeyIterator
Event: 36.288 loading class java/util/WeakHashMap$HashIterator
Event: 36.288 loading class java/util/WeakHashMap$HashIterator done
Event: 36.288 loading class java/util/WeakHashMap$KeyIterator done
Event: 36.289 Thread 0x000001d17bb2c800 Thread exited: 0x000001d17bb2c800


Dynamic libraries:
0x00007ff7c9480000 - 0x00007ff7c948e000 	C:\Users\Egor\.jdks\corretto-11.0.22\bin\java.exe
0x00007ffd0e8f0000 - 0x00007ffd0eae8000 	C:\Windows\SYSTEM32\ntdll.dll
0x00007ffd0cbf0000 - 0x00007ffd0ccad000 	C:\Windows\System32\KERNEL32.DLL
0x00007ffd0bfd0000 - 0x00007ffd0c2c6000 	C:\Windows\System32\KERNELBASE.dll
0x00007ffd0c640000 - 0x00007ffd0c740000 	C:\Windows\System32\ucrtbase.dll
0x00007ffd07a80000 - 0x00007ffd07a97000 	C:\Users\Egor\.jdks\corretto-11.0.22\bin\jli.dll
0x00007ffd07aa0000 - 0x00007ffd07abb000 	C:\Users\Egor\.jdks\corretto-11.0.22\bin\VCRUNTIME140.dll
0x00007ffd0d130000 - 0x00007ffd0d2cf000 	C:\Windows\System32\USER32.dll
0x00007ffd0c5a0000 - 0x00007ffd0c5c2000 	C:\Windows\System32\win32u.dll
0x00007ffcf9790000 - 0x00007ffcf9a2a000 	C:\Windows\WinSxS\amd64_microsoft.windows.common-controls_6595b64144ccf1df_6.0.19041.4355_none_60b8b9eb71f62e16\COMCTL32.dll
0x00007ffd0d7f0000 - 0x00007ffd0d81b000 	C:\Windows\System32\GDI32.dll
0x00007ffd0e490000 - 0x00007ffd0e52e000 	C:\Windows\System32\msvcrt.dll
0x00007ffd0c2d0000 - 0x00007ffd0c3e7000 	C:\Windows\System32\gdi32full.dll
0x00007ffd0c880000 - 0x00007ffd0c91d000 	C:\Windows\System32\msvcp_win.dll
0x00007ffd0d3c0000 - 0x00007ffd0d3f2000 	C:\Windows\System32\IMM32.DLL
0x00007ffd09820000 - 0x00007ffd0982c000 	C:\Users\Egor\.jdks\corretto-11.0.22\bin\vcruntime140_1.dll
0x00007ffcf6980000 - 0x00007ffcf6a0d000 	C:\Users\Egor\.jdks\corretto-11.0.22\bin\msvcp140.dll
0x00007ffc8f0b0000 - 0x00007ffc8fc73000 	C:\Users\Egor\.jdks\corretto-11.0.22\bin\server\jvm.dll
0x00007ffd0d9b0000 - 0x00007ffd0da60000 	C:\Windows\System32\ADVAPI32.dll
0x00007ffd0da70000 - 0x00007ffd0db10000 	C:\Windows\System32\sechost.dll
0x00007ffd0e360000 - 0x00007ffd0e483000 	C:\Windows\System32\RPCRT4.dll
0x00007ffd0bfa0000 - 0x00007ffd0bfc7000 	C:\Windows\System32\bcrypt.dll
0x00007ffd0ccb0000 - 0x00007ffd0ccb8000 	C:\Windows\System32\PSAPI.DLL
0x00007ffcfe750000 - 0x00007ffcfe777000 	C:\Windows\SYSTEM32\WINMM.dll
0x00007ffd07990000 - 0x00007ffd07999000 	C:\Windows\SYSTEM32\WSOCK32.dll
0x00007ffd028f0000 - 0x00007ffd028fa000 	C:\Windows\SYSTEM32\VERSION.dll
0x00007ffd0e590000 - 0x00007ffd0e5fb000 	C:\Windows\System32\WS2_32.dll
0x00007ffd09e20000 - 0x00007ffd09e32000 	C:\Windows\SYSTEM32\kernel.appcore.dll
0x00007ffd07ad0000 - 0x00007ffd07ae0000 	C:\Users\Egor\.jdks\corretto-11.0.22\bin\verify.dll
0x00007ffd03fe0000 - 0x00007ffd041c4000 	C:\Windows\SYSTEM32\DBGHELP.DLL
0x00007ffcf21f0000 - 0x00007ffcf2224000 	C:\Windows\SYSTEM32\dbgcore.DLL
0x00007ffd0c7f0000 - 0x00007ffd0c872000 	C:\Windows\System32\bcryptPrimitives.dll
0x00007ffd06ac0000 - 0x00007ffd06ae8000 	C:\Users\Egor\.jdks\corretto-11.0.22\bin\java.dll
0x00007ffd07a70000 - 0x00007ffd07a7a000 	C:\Users\Egor\.jdks\corretto-11.0.22\bin\jimage.dll
0x00007ffd06b40000 - 0x00007ffd06b4e000 	C:\Users\Egor\.jdks\corretto-11.0.22\bin\instrument.dll
0x00007ffd07960000 - 0x00007ffd07978000 	C:\Users\Egor\.jdks\corretto-11.0.22\bin\zip.dll
0x00007ffd0db70000 - 0x00007ffd0e2db000 	C:\Windows\System32\SHELL32.dll
0x00007ffd0a020000 - 0x00007ffd0a7bd000 	C:\Windows\SYSTEM32\windows.storage.dll
0x00007ffd0d400000 - 0x00007ffd0d753000 	C:\Windows\System32\combase.dll
0x00007ffd0b8f0000 - 0x00007ffd0b91e000 	C:\Windows\SYSTEM32\Wldp.dll
0x00007ffd0d2d0000 - 0x00007ffd0d39d000 	C:\Windows\System32\OLEAUT32.dll
0x00007ffd0e800000 - 0x00007ffd0e8ad000 	C:\Windows\System32\SHCORE.dll
0x00007ffd0e530000 - 0x00007ffd0e585000 	C:\Windows\System32\shlwapi.dll
0x00007ffd0bed0000 - 0x00007ffd0bef4000 	C:\Windows\SYSTEM32\profapi.dll
0x00007ffd06aa0000 - 0x00007ffd06ab9000 	C:\Users\Egor\.jdks\corretto-11.0.22\bin\net.dll
0x00007ffd032c0000 - 0x00007ffd033ca000 	C:\Windows\SYSTEM32\WINHTTP.dll
0x00007ffd0b650000 - 0x00007ffd0b6ba000 	C:\Windows\system32\mswsock.dll
0x00007ffcfb0e0000 - 0x00007ffcfb0f2000 	C:\Users\Egor\.jdks\corretto-11.0.22\bin\nio.dll
0x00007ffcf13d0000 - 0x00007ffcf13ea000 	C:\Program Files\JetBrains\IntelliJ IDEA Community Edition 2023.3.4\bin\breakgen64.dll
0x00007ffc91410000 - 0x00007ffc91592000 	C:\Users\Egor\.jdks\corretto-11.0.22\bin\awt.dll
0x00007ffd09830000 - 0x00007ffd098c0000 	C:\Windows\SYSTEM32\apphelp.dll
0x00007ffd09d10000 - 0x00007ffd09d3f000 	C:\Windows\system32\DWMAPI.DLL
0x00007ffd09950000 - 0x00007ffd099ee000 	C:\Windows\system32\uxtheme.dll
0x00007ffcef5f0000 - 0x00007ffcef715000 	C:\Windows\system32\opengl32.dll
0x00007ffcfaec0000 - 0x00007ffcfaeec000 	C:\Windows\SYSTEM32\GLU32.dll
0x00007ffd0c920000 - 0x00007ffd0ca34000 	C:\Windows\System32\MSCTF.dll
0x00007ffd0d880000 - 0x00007ffd0d9ab000 	C:\Windows\System32\ole32.dll
0x00007ffd0c550000 - 0x00007ffd0c59e000 	C:\Windows\System32\cfgmgr32.dll
0x00007ffd0bdf0000 - 0x00007ffd0be3b000 	C:\Windows\SYSTEM32\POWRPROF.dll
0x00007ffd0bdd0000 - 0x00007ffd0bde2000 	C:\Windows\SYSTEM32\UMPDC.dll
0x00007ffcfe940000 - 0x00007ffcfe97b000 	C:\Windows\SYSTEM32\dxcore.dll
0x00007ffce86a0000 - 0x00007ffce8727000 	C:\Users\Egor\.jdks\corretto-11.0.22\bin\freetype.dll
0x00007ffcbfe80000 - 0x00007ffcbff53000 	C:\Users\Egor\.jdks\corretto-11.0.22\bin\fontmanager.dll
0x00007ffd01a30000 - 0x00007ffd01b29000 	C:\Windows\SYSTEM32\textinputframework.dll
0x00007ffd09270000 - 0x00007ffd095cb000 	C:\Windows\System32\CoreUIComponents.dll
0x00007ffd09600000 - 0x00007ffd096f2000 	C:\Windows\System32\CoreMessaging.dll
0x00007ffd0b0b0000 - 0x00007ffd0b0e3000 	C:\Windows\SYSTEM32\ntmarta.dll
0x00007ffd09010000 - 0x00007ffd09167000 	C:\Windows\SYSTEM32\wintypes.dll
0x00007ffd0b850000 - 0x00007ffd0b868000 	C:\Windows\SYSTEM32\CRYPTSP.dll
0x00007ffd0af70000 - 0x00007ffd0afa4000 	C:\Windows\system32\rsaenh.dll
0x00007ffd0be80000 - 0x00007ffd0beae000 	C:\Windows\SYSTEM32\USERENV.dll
0x00007ffd0b840000 - 0x00007ffd0b84c000 	C:\Windows\SYSTEM32\CRYPTBASE.dll
0x00007ffd0b330000 - 0x00007ffd0b36b000 	C:\Windows\SYSTEM32\IPHLPAPI.DLL
0x00007ffd0e600000 - 0x00007ffd0e608000 	C:\Windows\System32\NSI.dll
0x00007ffd055b0000 - 0x00007ffd055c7000 	C:\Windows\SYSTEM32\dhcpcsvc6.DLL
0x00007ffd05590000 - 0x00007ffd055ad000 	C:\Windows\SYSTEM32\dhcpcsvc.DLL
0x00007ffd0b370000 - 0x00007ffd0b43b000 	C:\Windows\SYSTEM32\DNSAPI.dll
0x00007ffcee8f0000 - 0x00007ffcee902000 	C:\Users\Egor\.jdks\corretto-11.0.22\bin\jsound.dll
0x00007ffcc1770000 - 0x00007ffcc180c000 	C:\Windows\SYSTEM32\DSOUND.dll
0x00007ffcf1ee0000 - 0x00007ffcf1f06000 	C:\Windows\SYSTEM32\winmmbase.dll
0x00007ffd0e670000 - 0x00007ffd0e719000 	C:\Windows\System32\clbcatq.dll
0x00007ffd05170000 - 0x00007ffd051f5000 	C:\Windows\System32\MMDevApi.dll
0x00007ffd0bc50000 - 0x00007ffd0bc83000 	C:\Windows\System32\DEVOBJ.dll
0x00007ffcf2b60000 - 0x00007ffcf2ba6000 	C:\Windows\SYSTEM32\wdmaud.drv
0x00007ffd055d0000 - 0x00007ffd055da000 	C:\Windows\SYSTEM32\AVRT.dll
0x00007ffd04d40000 - 0x00007ffd04d49000 	C:\Windows\SYSTEM32\ksuser.dll
0x00007ffd053e0000 - 0x00007ffd05561000 	C:\Windows\SYSTEM32\AUDIOSES.DLL
0x00007ffcf39b0000 - 0x00007ffcf39bd000 	C:\Windows\SYSTEM32\msacm32.drv
0x00007ffcf38d0000 - 0x00007ffcf38ee000 	C:\Windows\SYSTEM32\MSACM32.dll
0x00007ffcf39a0000 - 0x00007ffcf39ab000 	C:\Windows\SYSTEM32\midimap.dll
0x00007ffd09a10000 - 0x00007ffd09a24000 	C:\Windows\SYSTEM32\resourcepolicyclient.dll
0x00007ffd01bb0000 - 0x00007ffd01cef000 	C:\Windows\System32\Windows.UI.dll
0x00007ffd017f0000 - 0x00007ffd01942000 	C:\Windows\System32\InputHost.dll
0x00007ffd01980000 - 0x00007ffd01a21000 	C:\Windows\System32\WindowManagementAPI.dll
0x00007ffd07ae0000 - 0x00007ffd07bd6000 	C:\Windows\System32\PROPSYS.dll
0x00007ffd030b0000 - 0x00007ffd032b3000 	C:\Windows\SYSTEM32\twinapi.appcore.dll

dbghelp: loaded successfully - version: 4.0.5 - missing functions: none
symbol engine: initialized successfully - sym options: 0x614 - pdb path: .;C:\Users\Egor\.jdks\corretto-11.0.22\bin;C:\Windows\SYSTEM32;C:\Windows\WinSxS\amd64_microsoft.windows.common-controls_6595b64144ccf1df_6.0.19041.4355_none_60b8b9eb71f62e16;C:\Users\Egor\.jdks\corretto-11.0.22\bin\server;C:\Program Files\JetBrains\IntelliJ IDEA Community Edition 2023.3.4\bin;C:\Windows\System32\DriverStore\FileRepository\u0402263.inf_amd64_1366da2d694c570c\B400781

VM Arguments:
jvm_args: -javaagent:C:\Program Files\JetBrains\IntelliJ IDEA Community Edition 2023.3.4\lib\idea_rt.jar=61863:C:\Program Files\JetBrains\IntelliJ IDEA Community Edition 2023.3.4\bin -Dfile.encoding=UTF-8 
java_command: PaooGame.Main
java_class_path (initial): C:\Users\Egor\Java\PaooGame2ndTry\PaooGameEtapa2\out\production\PaooGameEtapa1
Launcher Type: SUN_STANDARD

[Global flags]
     intx CICompilerCount                          = 4                                         {product} {ergonomic}
     uint ConcGCThreads                            = 2                                         {product} {ergonomic}
     uint G1ConcRefinementThreads                  = 8                                         {product} {ergonomic}
   size_t G1HeapRegionSize                         = 1048576                                   {product} {ergonomic}
    uintx GCDrainStackTargetSize                   = 64                                        {product} {ergonomic}
   size_t InitialHeapSize                          = 251658240                                 {product} {ergonomic}
   size_t MarkStackSize                            = 4194304                                   {product} {ergonomic}
   size_t MaxHeapSize                              = 4001366016                                {product} {ergonomic}
   size_t MaxNewSize                               = 2400190464                                {product} {ergonomic}
   size_t MinHeapDeltaBytes                        = 1048576                                   {product} {ergonomic}
    uintx NonNMethodCodeHeapSize                   = 5836300                                {pd product} {ergonomic}
    uintx NonProfiledCodeHeapSize                  = 122910970                              {pd product} {ergonomic}
    uintx ProfiledCodeHeapSize                     = 122910970                              {pd product} {ergonomic}
    uintx ReservedCodeCacheSize                    = 251658240                              {pd product} {ergonomic}
     bool SegmentedCodeCache                       = true                                      {product} {ergonomic}
     bool UseCompressedClassPointers               = true                                 {lp64_product} {ergonomic}
     bool UseCompressedOops                        = true                                 {lp64_product} {ergonomic}
     bool UseG1GC                                  = true                                      {product} {ergonomic}
     bool UseLargePagesIndividualAllocation        = false                                  {pd product} {ergonomic}

Logging:
Log output configuration:
 #0: stdout all=warning uptime,level,tags
 #1: stderr all=off uptime,level,tags

Environment Variables:
PATH=C:\Program Files (x86)\Common Files\Oracle\Java\java8path;C:\Program Files (x86)\Common Files\Oracle\Java\javapath;C:\Program Files (x86)\VMware\VMware Player\bin\;C:\Windows\system32;C:\Windows;C:\Windows\System32\Wbem;C:\Windows\System32\WindowsPowerShell\v1.0\;C:\Windows\System32\OpenSSH\;C:\Program Files\Microsoft SQL Server\150\Tools\Binn\;C:\Program Files\Microsoft SQL Server\Client SDK\ODBC\170\Tools\Binn\;C:\Program Files\dotnet\;C:\Program Files (x86)\Windows Kits\10\Windows Performance Toolkit\;C:\Program Files\Git\cmd;C:\Users\Egor\AppData\Local\Programs\Python\Python312\Scripts\;C:\Users\Egor\AppData\Local\Programs\Python\Python312\;C:\Users\Egor\AppData\Local\Programs\Python\Launcher\;C:\Users\Egor\AppData\Local\Microsoft\WindowsApps;;C:\Program Files\JetBrains\PyCharm Community Edition 2023.3.3\bin;;C:\Users\Egor\.dotnet\tools;C:\Program Files\JetBrains\IntelliJ IDEA Community Edition 2023.3.4\bin;;C:\Users\Egor\AppData\Local\Programs\Microsoft VS Code\bin
USERNAME=Egor
OS=Windows_NT
PROCESSOR_IDENTIFIER=AMD64 Family 23 Model 17 Stepping 0, AuthenticAMD
TMP=C:\Users\Egor\AppData\Local\Temp
TEMP=C:\Users\Egor\AppData\Local\Temp



---------------  S Y S T E M  ---------------

OS: Windows 10 , 64 bit Build 19041 (10.0.19041.3636)
OS uptime: 2 days 7:01 hours

CPU:total 8 (initial active 8) (8 cores per cpu, 2 threads per core) family 23 model 17 stepping 0 microcode 0x0, cmov, cx8, fxsr, mmx, sse, sse2, sse3, ssse3, sse4.1, sse4.2, popcnt, avx, avx2, aes, clmul, mmxext, 3dnowpref, lzcnt, sse4a, ht, tsc, tscinvbit, tscinv, bmi1, bmi2, adx, sha, fma

Memory: 4k page, system-wide physical 15260M (5921M free)
TotalPageFile size 28060M (AvailPageFile size 11940M)
current process WorkingSet (physical memory assigned to process): 205M, peak: 254M
current process commit charge ("private bytes"): 374M, peak: 429M

vm_info: OpenJDK 64-Bit Server VM (11.0.22+7-LTS) for windows-amd64 JRE (11.0.22+7-LTS), built on Jan 10 2024 19:54:00 by "Administrator" with MS VC++ 16.10 / 16.11 (VS2019)

END.
